{
  "stats": {
    "suites": 1,
    "tests": 6,
    "passes": 6,
    "pending": 0,
    "failures": 0,
    "start": "2025-05-08T14:02:13.212Z",
    "end": "2025-05-08T14:02:30.548Z",
    "duration": 17336,
    "testsRegistered": 6,
    "passPercent": 100,
    "pendingPercent": 0,
    "other": 0,
    "hasOther": false,
    "skipped": 0,
    "hasSkipped": false
  },
  "results": [
    {
      "uuid": "1e593ddf-50b7-4bc8-8189-ae1e41e5ec36",
      "title": "",
      "fullFile": "cypress\\e2e\\4-e2e-test\\saucedemo-pom.cy.js",
      "file": "cypress\\e2e\\4-e2e-test\\saucedemo-pom.cy.js",
      "beforeHooks": [],
      "afterHooks": [],
      "tests": [],
      "suites": [
        {
          "uuid": "d97860a3-523b-4dd3-8693-cc082849ba5b",
          "title": "Saucedemo Web Test",
          "fullFile": "",
          "file": "",
          "beforeHooks": [],
          "afterHooks": [],
          "tests": [
            {
              "title": "Login with valid data-1",
              "fullTitle": "Saucedemo Web Test Login with valid data-1",
              "timedOut": null,
              "duration": 4134,
              "state": "passed",
              "speed": "fast",
              "pass": true,
              "fail": false,
              "pending": false,
              "context": null,
              "code": "_loginPage.default.visit();\n_loginPage.default.fillUsername(this.data.validUser.username);\n_loginPage.default.fillPassword(this.data.validUser.password);\n_loginPage.default.clickLogin();\n_loginPage.default.verifyLoginSuccess();",
              "err": {},
              "uuid": "345e7d5d-e414-47b4-9a20-cee4a3747098",
              "parentUUID": "d97860a3-523b-4dd3-8693-cc082849ba5b",
              "isHook": false,
              "skipped": false
            },
            {
              "title": "Login with valid data-2",
              "fullTitle": "Saucedemo Web Test Login with valid data-2",
              "timedOut": null,
              "duration": 2015,
              "state": "passed",
              "speed": "fast",
              "pass": true,
              "fail": false,
              "pending": false,
              "context": null,
              "code": "_loginPage.default.loginUser(this.data.validUser);\n_loginPage.default.verifyLoginSuccess();",
              "err": {},
              "uuid": "118653a6-6ab5-4f81-ae1f-12c9313a57dc",
              "parentUUID": "d97860a3-523b-4dd3-8693-cc082849ba5b",
              "isHook": false,
              "skipped": false
            },
            {
              "title": "Login with locked out user",
              "fullTitle": "Saucedemo Web Test Login with locked out user",
              "timedOut": null,
              "duration": 2778,
              "state": "passed",
              "speed": "fast",
              "pass": true,
              "fail": false,
              "pending": false,
              "context": null,
              "code": "_loginPage.default.loginUser(this.data.lockedOutUser);\n_loginPage.default.verifyLoginFailed(this.data.lockedOutUser);",
              "err": {},
              "uuid": "8ac8e000-1a86-4d7c-82ce-43ad469721ea",
              "parentUUID": "d97860a3-523b-4dd3-8693-cc082849ba5b",
              "isHook": false,
              "skipped": false
            },
            {
              "title": "Login with invalid User",
              "fullTitle": "Saucedemo Web Test Login with invalid User",
              "timedOut": null,
              "duration": 1943,
              "state": "passed",
              "speed": "fast",
              "pass": true,
              "fail": false,
              "pending": false,
              "context": null,
              "code": "_loginPage.default.loginUser(this.data.invalidUser);\n_loginPage.default.verifyLoginFailed(this.data.invalidUser);",
              "err": {},
              "uuid": "db80faf9-6143-485c-95a0-047e1effc374",
              "parentUUID": "d97860a3-523b-4dd3-8693-cc082849ba5b",
              "isHook": false,
              "skipped": false
            },
            {
              "title": "Add to Cart",
              "fullTitle": "Saucedemo Web Test Add to Cart",
              "timedOut": null,
              "duration": 3015,
              "state": "passed",
              "speed": "fast",
              "pass": true,
              "fail": false,
              "pending": false,
              "context": null,
              "code": "_loginPage.default.loginUser(this.data.validUser);\n_inventoryPage.default.verifyInventoryPage();\n// Add to cart 2 products\n_inventoryPage.default.addProductToCart(this.products.productNames);\n// Verify products\n_inventoryPage.default.verifyCartItemCount(this.products.productNames.length);",
              "err": {},
              "uuid": "0f3ad5a1-b1d8-486e-acb6-60ef7544de1a",
              "parentUUID": "d97860a3-523b-4dd3-8693-cc082849ba5b",
              "isHook": false,
              "skipped": false
            },
            {
              "title": "Add to Cart with Custom Command Login",
              "fullTitle": "Saucedemo Web Test Add to Cart with Custom Command Login",
              "timedOut": null,
              "duration": 2003,
              "state": "passed",
              "speed": "fast",
              "pass": true,
              "fail": false,
              "pending": false,
              "context": null,
              "code": "cy.login(Cypress.env(\"valid_username\"), Cypress.env(\"valid_password\"));\n_inventoryPage.default.verifyInventoryPage();\n// Add to cart 2 products\n_inventoryPage.default.addProductToCart(this.products.productNames);\n// Verify products\n_inventoryPage.default.verifyCartItemCount(this.products.productNames.length);",
              "err": {},
              "uuid": "5d86106b-af2e-41e8-af8d-4c2f39b65763",
              "parentUUID": "d97860a3-523b-4dd3-8693-cc082849ba5b",
              "isHook": false,
              "skipped": false
            }
          ],
          "suites": [],
          "passes": [
            "345e7d5d-e414-47b4-9a20-cee4a3747098",
            "118653a6-6ab5-4f81-ae1f-12c9313a57dc",
            "8ac8e000-1a86-4d7c-82ce-43ad469721ea",
            "db80faf9-6143-485c-95a0-047e1effc374",
            "0f3ad5a1-b1d8-486e-acb6-60ef7544de1a",
            "5d86106b-af2e-41e8-af8d-4c2f39b65763"
          ],
          "failures": [],
          "pending": [],
          "skipped": [],
          "duration": 15888,
          "root": false,
          "rootEmpty": false,
          "_timeout": 2000
        }
      ],
      "passes": [],
      "failures": [],
      "pending": [],
      "skipped": [],
      "duration": 0,
      "root": true,
      "rootEmpty": true,
      "_timeout": 2000
    }
  ],
  "meta": {
    "mocha": {
      "version": "7.2.0"
    },
    "mochawesome": {
      "options": {
        "quiet": false,
        "reportFilename": "mochawesome",
        "saveHtml": false,
        "saveJson": true,
        "consoleReporter": "spec",
        "useInlineDiffs": false,
        "code": true
      },
      "version": "7.1.3"
    },
    "marge": {
      "options": {
        "reportDir": "cypress/reports",
        "overwrite": false,
        "html": false,
        "json": true
      },
      "version": "6.2.0"
    }
  }
}